<?xml version="1.0" encoding="UTF-8"?>
<!-- Generated by org.testng.reporters.JUnitXMLReporter -->
<testsuite ignored="0" hostname="MacbookAir" failures="1" tests="1" name="Test" time="20.386" errors="0" timestamp="2024-07-11T11:25:14 IST">
  <testcase classname="test.TC_02_MenPageTest" name="OrderThroughMenPage" time="12.703">
    <failure type="java.lang.AssertionError" message="expected [Search results: “Blue”] but found [Men]">
      <![CDATA[java.lang.AssertionError: expected [Search results: “Blue”] but found [Men]
at test.TC_02_MenPageTest.OrderThroughMenPage(TC_02_MenPageTest.java:28)
at java.base/java.util.ArrayList.forEach(ArrayList.java:1511)
... Removed 33 stack frames]]>
    </failure>
  </testcase> <!-- OrderThroughMenPage -->
</testsuite> <!-- Test -->
